2016-03-06 15:15:59 [INFO ][ContextLoader] - Root WebApplicationContext: initialization started
2016-03-06 15:15:59 [INFO ][XmlWebApplicationContext] - Refreshing Root WebApplicationContext: startup date [Sun Mar 06 15:15:59 CST 2016]; root of context hierarchy
2016-03-06 15:15:59 [INFO ][XmlBeanDefinitionReader] - Loading XML bean definitions from class path resource [configure/applicationContext.xml]
2016-03-06 15:16:01 [INFO ][XmlBeanDefinitionReader] - Loading XML bean definitions from class path resource [configure/spring-data-redis.xml]
2016-03-06 15:16:02 [INFO ][PropertyPlaceholderConfigurer] - Loading properties file from file [E:\myprograms\myeclipse10\myeclipse\works\privatenet\WebRoot\WEB-INF\classes\properties\jdbc.properties]
2016-03-06 15:16:02 [INFO ][PropertyPlaceholderConfigurer] - Loading properties file from file [E:\myprograms\myeclipse10\myeclipse\works\privatenet\WebRoot\WEB-INF\classes\properties\log4j.properties]
2016-03-06 15:16:02 [INFO ][PropertyPlaceholderConfigurer] - Loading properties file from file [E:\myprograms\myeclipse10\myeclipse\works\privatenet\WebRoot\WEB-INF\classes\properties\newsSources.properties]
2016-03-06 15:16:02 [INFO ][PropertyPlaceholderConfigurer] - Loading properties file from file [E:\myprograms\myeclipse10\myeclipse\works\privatenet\WebRoot\WEB-INF\classes\properties\spring-redis.properties]
2016-03-06 15:16:02 [INFO ][PropertyPlaceholderConfigurer] - Loading properties file from file [E:\myprograms\myeclipse10\myeclipse\works\privatenet\WebRoot\WEB-INF\classes\properties\sysProperties.properties]
2016-03-06 15:16:02 [INFO ][AutowiredAnnotationBeanPostProcessor] - JSR-330 'javax.inject.Inject' annotation found and supported for autowiring
2016-03-06 15:16:05 [INFO ][SchedulerFactoryBean] - Spring's Quartz 1.x support is deprecated - please upgrade to Quartz 2.0+
2016-03-06 15:16:12 [INFO ][EhCacheManagerFactoryBean] - Initializing EhCache CacheManager
2016-03-06 15:16:13 [INFO ][SchedulerSignalerImpl] - Initialized Scheduler Signaller of type: class org.quartz.core.SchedulerSignalerImpl
2016-03-06 15:16:13 [INFO ][QuartzScheduler] - Quartz Scheduler v.1.6.1 created.
2016-03-06 15:16:13 [INFO ][RAMJobStore] - RAMJobStore initialized.
2016-03-06 15:16:13 [INFO ][StdSchedulerFactory] - Quartz scheduler 'org.springframework.scheduling.quartz.SchedulerFactoryBean#0' initialized from an externally provided properties instance.
2016-03-06 15:16:13 [INFO ][StdSchedulerFactory] - Quartz scheduler version: 1.6.1
2016-03-06 15:16:13 [INFO ][QuartzScheduler] - JobFactory set to: org.springframework.scheduling.quartz.AdaptableJobFactory@43eeb52d
2016-03-06 15:16:13 [INFO ][DefaultLifecycleProcessor] - Starting beans in phase 2147483647
2016-03-06 15:16:13 [INFO ][SchedulerFactoryBean] - Starting Quartz Scheduler now
2016-03-06 15:16:13 [INFO ][QuartzScheduler] - Scheduler org.springframework.scheduling.quartz.SchedulerFactoryBean#0_$_NON_CLUSTERED started.
2016-03-06 15:16:13 [INFO ][ContextLoader] - Root WebApplicationContext: initialization completed in 14042 ms
2016-03-06 15:16:13 [INFO ][DispatcherServlet] - FrameworkServlet 'springServlet': initialization started
2016-03-06 15:16:13 [INFO ][XmlWebApplicationContext] - Refreshing WebApplicationContext for namespace 'springServlet-servlet': startup date [Sun Mar 06 15:16:13 CST 2016]; parent: Root WebApplicationContext
2016-03-06 15:16:13 [INFO ][XmlBeanDefinitionReader] - Loading XML bean definitions from class path resource [configure/springmvc-servlet.xml]
2016-03-06 15:16:14 [INFO ][AutowiredAnnotationBeanPostProcessor] - JSR-330 'javax.inject.Inject' annotation found and supported for autowiring
2016-03-06 15:16:15 [INFO ][RequestMappingHandlerMapping] - Mapped "{[/blogMainPage/blogmainpage],methods=[],params=[],headers=[],consumes=[],produces=[],custom=[]}" onto public java.lang.String com.rhcheng.blog.action.BlogMainPage.toMainPage()
2016-03-06 15:16:15 [INFO ][RequestMappingHandlerMapping] - Mapped "{[/capture/captureTaoBaoItem.json],methods=[],params=[],headers=[],consumes=[],produces=[],custom=[]}" onto public org.springframework.web.servlet.ModelAndView com.rhcheng.news.action.CaptureAction.captureTaoBaoItem()
2016-03-06 15:16:15 [INFO ][RequestMappingHandlerMapping] - Mapped "{[/news/getContent.json],methods=[],params=[],headers=[],consumes=[],produces=[],custom=[]}" onto public org.springframework.web.servlet.ModelAndView com.rhcheng.news.action.NewsAction.getContent(java.lang.String,java.lang.String,java.lang.String)
2016-03-06 15:16:15 [INFO ][RequestMappingHandlerMapping] - Mapped "{[/news/detail],methods=[],params=[],headers=[],consumes=[],produces=[],custom=[]}" onto public java.lang.String com.rhcheng.news.action.NewsAction.newsDetail(java.lang.String,java.lang.String,java.lang.String,org.springframework.ui.Model)
2016-03-06 15:16:15 [INFO ][RequestMappingHandlerMapping] - Mapped "{[/news/list],methods=[],params=[],headers=[],consumes=[],produces=[],custom=[]}" onto public java.lang.String com.rhcheng.news.action.NewsAction.newsList(com.rhcheng.common.PageFormBean,java.lang.String,org.springframework.ui.Model)
2016-03-06 15:16:15 [INFO ][RequestMappingHandlerMapping] - Mapped "{[/news/getMoreList],methods=[],params=[],headers=[],consumes=[],produces=[],custom=[]}" onto public java.lang.String com.rhcheng.news.action.NewsAction.getMoreList(com.rhcheng.common.PageFormBean,java.lang.String,org.springframework.ui.Model)
2016-03-06 15:16:15 [INFO ][RequestMappingHandlerMapping] - Mapped "{[/action/doAction.json],methods=[],params=[],headers=[],consumes=[],produces=[],custom=[]}" onto public org.springframework.web.servlet.ModelAndView com.rhcheng.taobaoassi.ActionStart.doAction()
2016-03-06 15:16:15 [INFO ][RequestMappingHandlerMapping] - Mapped "{[/twitter//index],methods=[],params=[],headers=[],consumes=[],produces=[],custom=[]}" onto public java.lang.String com.rhcheng.twitter.TwitterAction.index()
2016-03-06 15:16:15 [INFO ][RequestMappingHandlerMapping] - Mapped "{[/twitter//login],methods=[],params=[],headers=[],consumes=[],produces=[],custom=[]}" onto public java.lang.String com.rhcheng.twitter.TwitterAction.login()
2016-03-06 15:16:15 [INFO ][RequestMappingHandlerMapping] - Mapped "{[/twitter//doAddUser],methods=[],params=[],headers=[],consumes=[],produces=[],custom=[]}" onto public int com.rhcheng.twitter.TwitterAction.doAddUser(org.springframework.ui.Model)
2016-03-06 15:16:15 [INFO ][RequestMappingHandlerMapping] - Mapped "{[/twitter//dologin],methods=[],params=[],headers=[],consumes=[],produces=[],custom=[]}" onto public java.lang.String com.rhcheng.twitter.TwitterAction.doLogin(com.rhcheng.twitter.entity.User,org.springframework.ui.Model)
2016-03-06 15:16:15 [INFO ][RequestMappingHandlerMapping] - Mapped "{[/twitter//loginout],methods=[],params=[],headers=[],consumes=[],produces=[],custom=[]}" onto public java.lang.String com.rhcheng.twitter.TwitterAction.loginout(com.rhcheng.twitter.entity.User,org.springframework.ui.Model)
2016-03-06 15:16:15 [INFO ][RequestMappingHandlerMapping] - Mapped "{[/fileupload/create],methods=[POST],params=[],headers=[],consumes=[],produces=[],custom=[]}" onto public java.lang.String com.rhcheng.user.action.FileUpload.create(javax.servlet.http.HttpServletRequest,org.springframework.web.multipart.MultipartFile[],org.springframework.ui.Model)
2016-03-06 15:16:15 [INFO ][RequestMappingHandlerMapping] - Mapped "{[/fileupload/upload],methods=[GET],params=[],headers=[],consumes=[],produces=[],custom=[]}" onto public java.lang.String com.rhcheng.user.action.FileUpload.upload()
2016-03-06 15:16:15 [INFO ][RequestMappingHandlerMapping] - Mapped "{[/fileupload/creates],methods=[POST],params=[],headers=[],consumes=[],produces=[],custom=[]}" onto public java.lang.String com.rhcheng.user.action.FileUpload.creates(javax.servlet.http.HttpServletRequest,org.springframework.web.multipart.MultipartFile[],org.springframework.ui.Model)
2016-03-06 15:16:15 [INFO ][RequestMappingHandlerMapping] - Mapped "{[/fileupload/shows],methods=[],params=[],headers=[],consumes=[],produces=[],custom=[]}" onto public java.lang.String com.rhcheng.user.action.FileUpload.shows(javax.servlet.http.HttpServletRequest,org.springframework.ui.Model)
2016-03-06 15:16:15 [INFO ][RequestMappingHandlerMapping] - Mapped "{[/jqgrid/userlist],methods=[],params=[],headers=[],consumes=[],produces=[],custom=[]}" onto public com.rhcheng.baseJqgrid.ListResult com.rhcheng.user.action.JQgridListTestAction.list()
2016-03-06 15:16:15 [INFO ][RequestMappingHandlerMapping] - Mapped "{[/jqgrid/toMainPage],methods=[],params=[],headers=[],consumes=[],produces=[],custom=[]}" onto public java.lang.String com.rhcheng.user.action.JQgridListTestAction.toMainpage()
2016-03-06 15:16:15 [INFO ][RequestMappingHandlerMapping] - Mapped "{[/jqgrid/toUserPage],methods=[],params=[],headers=[],consumes=[],produces=[],custom=[]}" onto public java.lang.String com.rhcheng.user.action.JQgridListTestAction.toUserPage()
2016-03-06 15:16:15 [INFO ][RequestMappingHandlerMapping] - Mapped "{[/jqupdate/add],methods=[],params=[],headers=[],consumes=[],produces=[],custom=[]}" onto public com.rhcheng.baseJqgrid.ListResult com.rhcheng.user.action.JQgridUpdateTestAction.add(javax.servlet.http.HttpServletRequest)
2016-03-06 15:16:15 [INFO ][RequestMappingHandlerMapping] - Mapped "{[/jqupdate/delete],methods=[],params=[],headers=[],consumes=[],produces=[],custom=[]}" onto public com.rhcheng.baseJqgrid.ListResult com.rhcheng.user.action.JQgridUpdateTestAction.delete(javax.servlet.http.HttpServletRequest)
2016-03-06 15:16:15 [INFO ][RequestMappingHandlerMapping] - Mapped "{[/jqupdate/update],methods=[],params=[],headers=[],consumes=[],produces=[],custom=[]}" onto public com.rhcheng.baseJqgrid.ListResult com.rhcheng.user.action.JQgridUpdateTestAction.update(javax.servlet.http.HttpServletRequest)
2016-03-06 15:16:15 [INFO ][RequestMappingHandlerMapping] - Mapped "{[/jqupdate/operate],methods=[],params=[],headers=[],consumes=[],produces=[],custom=[]}" onto public java.lang.String com.rhcheng.baseJqgrid.QGridOperAction.operate(javax.servlet.http.HttpServletRequest)
2016-03-06 15:16:15 [INFO ][RequestMappingHandlerMapping] - Mapped "{[/test/testaop],methods=[],params=[],headers=[],consumes=[],produces=[],custom=[]}" onto public void com.rhcheng.user.action.TestAction.testAop()
2016-03-06 15:16:15 [INFO ][RequestMappingHandlerMapping] - Mapped "{[/test/toFormPage],methods=[],params=[],headers=[],consumes=[],produces=[],custom=[]}" onto public java.lang.String com.rhcheng.user.action.TestAction.toFormPage()
2016-03-06 15:16:15 [INFO ][RequestMappingHandlerMapping] - Mapped "{[/test/noLogin],methods=[],params=[],headers=[],consumes=[],produces=[],custom=[]}" onto public org.springframework.web.servlet.ModelAndView com.rhcheng.user.action.TestAction.noLogin(java.lang.String,java.lang.Long,org.springframework.ui.Model)
2016-03-06 15:16:15 [INFO ][RequestMappingHandlerMapping] - Mapped "{[/test/testEhcache.action],methods=[],params=[],headers=[],consumes=[],produces=[],custom=[]}" onto public java.lang.String com.rhcheng.user.action.TestAction.testEhcache(java.lang.String) throws java.lang.InterruptedException
2016-03-06 15:16:15 [INFO ][RequestMappingHandlerMapping] - Mapped "{[/test/jsontest],methods=[],params=[],headers=[],consumes=[],produces=[],custom=[]}" onto public com.rhcheng.user.entity.User com.rhcheng.user.action.TestAction.returnJson()
2016-03-06 15:16:15 [INFO ][RequestMappingHandlerMapping] - Mapped "{[/test/testone.action],methods=[],params=[],headers=[],consumes=[],produces=[],custom=[]}" onto public org.springframework.web.servlet.ModelAndView com.rhcheng.user.action.TestAction.testone()
2016-03-06 15:16:15 [INFO ][RequestMappingHandlerMapping] - Mapped "{[/test/noLoginCommon],methods=[],params=[],headers=[],consumes=[],produces=[],custom=[]}" onto public java.lang.String com.rhcheng.user.action.TestAction.noLoginCommon()
2016-03-06 15:16:15 [INFO ][RequestMappingHandlerMapping] - Mapped "{[/test/getDate.action],methods=[],params=[],headers=[],consumes=[],produces=[],custom=[]}" onto public java.lang.String com.rhcheng.user.action.TestAction.getDateFromPage(com.rhcheng.user.entity.User)
2016-03-06 15:16:15 [INFO ][RequestMappingHandlerMapping] - Mapped "{[/test/paginationTest.action],methods=[],params=[],headers=[],consumes=[],produces=[],custom=[]}" onto public java.lang.String com.rhcheng.user.action.TestAction.PaginationTest(com.rhcheng.common.PageFormBean,org.springframework.ui.Model)
2016-03-06 15:16:15 [INFO ][RequestMappingHandlerMapping] - Mapped "{[/user/login],methods=[],params=[],headers=[],consumes=[],produces=[],custom=[]}" onto public org.springframework.web.servlet.ModelAndView com.rhcheng.user.action.UserAction.login()
2016-03-06 15:16:15 [INFO ][RequestMappingHandlerMapping] - Mapped "{[/user/testReturnString.action],methods=[],params=[],headers=[],consumes=[],produces=[],custom=[]}" onto public java.lang.String com.rhcheng.user.action.UserAction.testReturnString(com.rhcheng.user.formbean.UserFormBean,org.springframework.ui.Model)
2016-03-06 15:16:17 [INFO ][SimpleUrlHandlerMapping] - Mapped URL path [/**] onto handler 'org.springframework.web.servlet.resource.DefaultServletHttpRequestHandler#0'
2016-03-06 15:16:17 [INFO ][DispatcherServlet] - FrameworkServlet 'springServlet': initialization completed in 3375 ms
2016-03-06 15:16:48 [INFO ][ParamsFilter] - 
==================请求=================
request_url=http://localhost/action/doAction.json
query_params=null
---------------post参数--------------

2016-03-06 15:16:48 [INFO ][OverWriteSpider] - Spider www.beibei.com started!
2016-03-06 15:16:48 [INFO ][OverWriteSpider] - Spider www.beibei.com started!
2016-03-06 15:16:48 [INFO ][OverWriteSpider] - Spider www.beibei.com started!
2016-03-06 15:16:48 [INFO ][HttpClientDownloader] - downloading page http://www.beibei.com/martshow/180797.html?sort=hot&cate=0&page=2
2016-03-06 15:16:48 [INFO ][HttpClientDownloader] - downloading page http://www.beibei.com/martshow/180797.html?sort=hot&cate=0&page=3
2016-03-06 15:16:48 [INFO ][HttpClientDownloader] - downloading page http://www.beibei.com/martshow/180797.html?sort=hot&cate=0&page=1
2016-03-06 15:16:55 [INFO ][ParamsFilter] - 
==================请求=================
request_url=http://localhost/favicon.ico
query_params=null
---------------post参数--------------

2016-03-06 15:17:58 [INFO ][XmlWebApplicationContext] - Closing WebApplicationContext for namespace 'springServlet-servlet': startup date [Sun Mar 06 15:16:13 CST 2016]; parent: Root WebApplicationContext
2016-03-06 15:17:58 [INFO ][XmlWebApplicationContext] - Closing Root WebApplicationContext: startup date [Sun Mar 06 15:15:59 CST 2016]; root of context hierarchy
2016-03-06 15:17:58 [INFO ][DefaultLifecycleProcessor] - Stopping beans in phase 2147483647
2016-03-06 15:17:58 [INFO ][QuartzScheduler] - Scheduler org.springframework.scheduling.quartz.SchedulerFactoryBean#0_$_NON_CLUSTERED paused.
2016-03-06 15:17:58 [INFO ][SchedulerFactoryBean] - Shutting down Quartz Scheduler
2016-03-06 15:17:58 [INFO ][QuartzScheduler] - Scheduler org.springframework.scheduling.quartz.SchedulerFactoryBean#0_$_NON_CLUSTERED shutting down.
2016-03-06 15:17:58 [INFO ][QuartzScheduler] - Scheduler org.springframework.scheduling.quartz.SchedulerFactoryBean#0_$_NON_CLUSTERED paused.
2016-03-06 15:17:58 [INFO ][QuartzScheduler] - Scheduler org.springframework.scheduling.quartz.SchedulerFactoryBean#0_$_NON_CLUSTERED shutdown complete.
2016-03-06 15:17:58 [INFO ][EhCacheManagerFactoryBean] - Shutting down EhCache CacheManager
2016-03-06 15:18:00 [INFO ][ContextLoader] - Root WebApplicationContext: initialization started
2016-03-06 15:18:00 [INFO ][XmlWebApplicationContext] - Refreshing Root WebApplicationContext: startup date [Sun Mar 06 15:18:00 CST 2016]; root of context hierarchy
2016-03-06 15:18:00 [INFO ][XmlBeanDefinitionReader] - Loading XML bean definitions from class path resource [configure/applicationContext.xml]
2016-03-06 15:18:00 [INFO ][XmlBeanDefinitionReader] - Loading XML bean definitions from class path resource [configure/spring-data-redis.xml]
2016-03-06 15:18:01 [INFO ][PropertyPlaceholderConfigurer] - Loading properties file from file [E:\myprograms\myeclipse10\myeclipse\works\privatenet\WebRoot\WEB-INF\classes\properties\jdbc.properties]
2016-03-06 15:18:01 [INFO ][PropertyPlaceholderConfigurer] - Loading properties file from file [E:\myprograms\myeclipse10\myeclipse\works\privatenet\WebRoot\WEB-INF\classes\properties\log4j.properties]
2016-03-06 15:18:01 [INFO ][PropertyPlaceholderConfigurer] - Loading properties file from file [E:\myprograms\myeclipse10\myeclipse\works\privatenet\WebRoot\WEB-INF\classes\properties\newsSources.properties]
2016-03-06 15:18:01 [INFO ][PropertyPlaceholderConfigurer] - Loading properties file from file [E:\myprograms\myeclipse10\myeclipse\works\privatenet\WebRoot\WEB-INF\classes\properties\spring-redis.properties]
2016-03-06 15:18:01 [INFO ][PropertyPlaceholderConfigurer] - Loading properties file from file [E:\myprograms\myeclipse10\myeclipse\works\privatenet\WebRoot\WEB-INF\classes\properties\sysProperties.properties]
2016-03-06 15:18:01 [INFO ][AutowiredAnnotationBeanPostProcessor] - JSR-330 'javax.inject.Inject' annotation found and supported for autowiring
2016-03-06 15:18:03 [INFO ][SchedulerFactoryBean] - Spring's Quartz 1.x support is deprecated - please upgrade to Quartz 2.0+
2016-03-06 15:18:05 [INFO ][EhCacheManagerFactoryBean] - Initializing EhCache CacheManager
2016-03-06 15:18:06 [INFO ][SchedulerSignalerImpl] - Initialized Scheduler Signaller of type: class org.quartz.core.SchedulerSignalerImpl
2016-03-06 15:18:06 [INFO ][QuartzScheduler] - Quartz Scheduler v.1.6.1 created.
2016-03-06 15:18:06 [INFO ][RAMJobStore] - RAMJobStore initialized.
2016-03-06 15:18:06 [INFO ][StdSchedulerFactory] - Quartz scheduler 'org.springframework.scheduling.quartz.SchedulerFactoryBean#0' initialized from an externally provided properties instance.
2016-03-06 15:18:06 [INFO ][StdSchedulerFactory] - Quartz scheduler version: 1.6.1
2016-03-06 15:18:06 [INFO ][QuartzScheduler] - JobFactory set to: org.springframework.scheduling.quartz.AdaptableJobFactory@63cc8a3a
2016-03-06 15:18:06 [INFO ][DefaultLifecycleProcessor] - Starting beans in phase 2147483647
2016-03-06 15:18:06 [INFO ][SchedulerFactoryBean] - Starting Quartz Scheduler now
2016-03-06 15:18:06 [INFO ][QuartzScheduler] - Scheduler org.springframework.scheduling.quartz.SchedulerFactoryBean#0_$_NON_CLUSTERED started.
2016-03-06 15:18:06 [INFO ][ContextLoader] - Root WebApplicationContext: initialization completed in 6778 ms
2016-03-06 15:18:07 [INFO ][DispatcherServlet] - FrameworkServlet 'springServlet': initialization started
2016-03-06 15:18:07 [INFO ][XmlWebApplicationContext] - Refreshing WebApplicationContext for namespace 'springServlet-servlet': startup date [Sun Mar 06 15:18:07 CST 2016]; parent: Root WebApplicationContext
2016-03-06 15:18:07 [INFO ][XmlBeanDefinitionReader] - Loading XML bean definitions from class path resource [configure/springmvc-servlet.xml]
2016-03-06 15:18:08 [INFO ][AutowiredAnnotationBeanPostProcessor] - JSR-330 'javax.inject.Inject' annotation found and supported for autowiring
2016-03-06 15:18:09 [INFO ][RequestMappingHandlerMapping] - Mapped "{[/blogMainPage/blogmainpage],methods=[],params=[],headers=[],consumes=[],produces=[],custom=[]}" onto public java.lang.String com.rhcheng.blog.action.BlogMainPage.toMainPage()
2016-03-06 15:18:09 [INFO ][RequestMappingHandlerMapping] - Mapped "{[/capture/captureTaoBaoItem.json],methods=[],params=[],headers=[],consumes=[],produces=[],custom=[]}" onto public org.springframework.web.servlet.ModelAndView com.rhcheng.news.action.CaptureAction.captureTaoBaoItem()
2016-03-06 15:18:09 [INFO ][RequestMappingHandlerMapping] - Mapped "{[/news/getContent.json],methods=[],params=[],headers=[],consumes=[],produces=[],custom=[]}" onto public org.springframework.web.servlet.ModelAndView com.rhcheng.news.action.NewsAction.getContent(java.lang.String,java.lang.String,java.lang.String)
2016-03-06 15:18:09 [INFO ][RequestMappingHandlerMapping] - Mapped "{[/news/detail],methods=[],params=[],headers=[],consumes=[],produces=[],custom=[]}" onto public java.lang.String com.rhcheng.news.action.NewsAction.newsDetail(java.lang.String,java.lang.String,java.lang.String,org.springframework.ui.Model)
2016-03-06 15:18:09 [INFO ][RequestMappingHandlerMapping] - Mapped "{[/news/list],methods=[],params=[],headers=[],consumes=[],produces=[],custom=[]}" onto public java.lang.String com.rhcheng.news.action.NewsAction.newsList(com.rhcheng.common.PageFormBean,java.lang.String,org.springframework.ui.Model)
2016-03-06 15:18:09 [INFO ][RequestMappingHandlerMapping] - Mapped "{[/news/getMoreList],methods=[],params=[],headers=[],consumes=[],produces=[],custom=[]}" onto public java.lang.String com.rhcheng.news.action.NewsAction.getMoreList(com.rhcheng.common.PageFormBean,java.lang.String,org.springframework.ui.Model)
2016-03-06 15:18:09 [INFO ][RequestMappingHandlerMapping] - Mapped "{[/action/doAction.json],methods=[],params=[],headers=[],consumes=[],produces=[],custom=[]}" onto public org.springframework.web.servlet.ModelAndView com.rhcheng.taobaoassi.ActionStart.doAction()
2016-03-06 15:18:09 [INFO ][RequestMappingHandlerMapping] - Mapped "{[/twitter//index],methods=[],params=[],headers=[],consumes=[],produces=[],custom=[]}" onto public java.lang.String com.rhcheng.twitter.TwitterAction.index()
2016-03-06 15:18:09 [INFO ][RequestMappingHandlerMapping] - Mapped "{[/twitter//login],methods=[],params=[],headers=[],consumes=[],produces=[],custom=[]}" onto public java.lang.String com.rhcheng.twitter.TwitterAction.login()
2016-03-06 15:18:09 [INFO ][RequestMappingHandlerMapping] - Mapped "{[/twitter//doAddUser],methods=[],params=[],headers=[],consumes=[],produces=[],custom=[]}" onto public int com.rhcheng.twitter.TwitterAction.doAddUser(org.springframework.ui.Model)
2016-03-06 15:18:09 [INFO ][RequestMappingHandlerMapping] - Mapped "{[/twitter//dologin],methods=[],params=[],headers=[],consumes=[],produces=[],custom=[]}" onto public java.lang.String com.rhcheng.twitter.TwitterAction.doLogin(com.rhcheng.twitter.entity.User,org.springframework.ui.Model)
2016-03-06 15:18:09 [INFO ][RequestMappingHandlerMapping] - Mapped "{[/twitter//loginout],methods=[],params=[],headers=[],consumes=[],produces=[],custom=[]}" onto public java.lang.String com.rhcheng.twitter.TwitterAction.loginout(com.rhcheng.twitter.entity.User,org.springframework.ui.Model)
2016-03-06 15:18:09 [INFO ][RequestMappingHandlerMapping] - Mapped "{[/fileupload/create],methods=[POST],params=[],headers=[],consumes=[],produces=[],custom=[]}" onto public java.lang.String com.rhcheng.user.action.FileUpload.create(javax.servlet.http.HttpServletRequest,org.springframework.web.multipart.MultipartFile[],org.springframework.ui.Model)
2016-03-06 15:18:09 [INFO ][RequestMappingHandlerMapping] - Mapped "{[/fileupload/upload],methods=[GET],params=[],headers=[],consumes=[],produces=[],custom=[]}" onto public java.lang.String com.rhcheng.user.action.FileUpload.upload()
2016-03-06 15:18:09 [INFO ][RequestMappingHandlerMapping] - Mapped "{[/fileupload/creates],methods=[POST],params=[],headers=[],consumes=[],produces=[],custom=[]}" onto public java.lang.String com.rhcheng.user.action.FileUpload.creates(javax.servlet.http.HttpServletRequest,org.springframework.web.multipart.MultipartFile[],org.springframework.ui.Model)
2016-03-06 15:18:09 [INFO ][RequestMappingHandlerMapping] - Mapped "{[/fileupload/shows],methods=[],params=[],headers=[],consumes=[],produces=[],custom=[]}" onto public java.lang.String com.rhcheng.user.action.FileUpload.shows(javax.servlet.http.HttpServletRequest,org.springframework.ui.Model)
2016-03-06 15:18:09 [INFO ][RequestMappingHandlerMapping] - Mapped "{[/jqgrid/userlist],methods=[],params=[],headers=[],consumes=[],produces=[],custom=[]}" onto public com.rhcheng.baseJqgrid.ListResult com.rhcheng.user.action.JQgridListTestAction.list()
2016-03-06 15:18:09 [INFO ][RequestMappingHandlerMapping] - Mapped "{[/jqgrid/toMainPage],methods=[],params=[],headers=[],consumes=[],produces=[],custom=[]}" onto public java.lang.String com.rhcheng.user.action.JQgridListTestAction.toMainpage()
2016-03-06 15:18:09 [INFO ][RequestMappingHandlerMapping] - Mapped "{[/jqgrid/toUserPage],methods=[],params=[],headers=[],consumes=[],produces=[],custom=[]}" onto public java.lang.String com.rhcheng.user.action.JQgridListTestAction.toUserPage()
2016-03-06 15:18:09 [INFO ][RequestMappingHandlerMapping] - Mapped "{[/jqupdate/add],methods=[],params=[],headers=[],consumes=[],produces=[],custom=[]}" onto public com.rhcheng.baseJqgrid.ListResult com.rhcheng.user.action.JQgridUpdateTestAction.add(javax.servlet.http.HttpServletRequest)
2016-03-06 15:18:09 [INFO ][RequestMappingHandlerMapping] - Mapped "{[/jqupdate/delete],methods=[],params=[],headers=[],consumes=[],produces=[],custom=[]}" onto public com.rhcheng.baseJqgrid.ListResult com.rhcheng.user.action.JQgridUpdateTestAction.delete(javax.servlet.http.HttpServletRequest)
2016-03-06 15:18:09 [INFO ][RequestMappingHandlerMapping] - Mapped "{[/jqupdate/update],methods=[],params=[],headers=[],consumes=[],produces=[],custom=[]}" onto public com.rhcheng.baseJqgrid.ListResult com.rhcheng.user.action.JQgridUpdateTestAction.update(javax.servlet.http.HttpServletRequest)
2016-03-06 15:18:09 [INFO ][RequestMappingHandlerMapping] - Mapped "{[/jqupdate/operate],methods=[],params=[],headers=[],consumes=[],produces=[],custom=[]}" onto public java.lang.String com.rhcheng.baseJqgrid.QGridOperAction.operate(javax.servlet.http.HttpServletRequest)
2016-03-06 15:18:09 [INFO ][RequestMappingHandlerMapping] - Mapped "{[/test/testaop],methods=[],params=[],headers=[],consumes=[],produces=[],custom=[]}" onto public void com.rhcheng.user.action.TestAction.testAop()
2016-03-06 15:18:09 [INFO ][RequestMappingHandlerMapping] - Mapped "{[/test/toFormPage],methods=[],params=[],headers=[],consumes=[],produces=[],custom=[]}" onto public java.lang.String com.rhcheng.user.action.TestAction.toFormPage()
2016-03-06 15:18:09 [INFO ][RequestMappingHandlerMapping] - Mapped "{[/test/noLogin],methods=[],params=[],headers=[],consumes=[],produces=[],custom=[]}" onto public org.springframework.web.servlet.ModelAndView com.rhcheng.user.action.TestAction.noLogin(java.lang.String,java.lang.Long,org.springframework.ui.Model)
2016-03-06 15:18:09 [INFO ][RequestMappingHandlerMapping] - Mapped "{[/test/testEhcache.action],methods=[],params=[],headers=[],consumes=[],produces=[],custom=[]}" onto public java.lang.String com.rhcheng.user.action.TestAction.testEhcache(java.lang.String) throws java.lang.InterruptedException
2016-03-06 15:18:09 [INFO ][RequestMappingHandlerMapping] - Mapped "{[/test/jsontest],methods=[],params=[],headers=[],consumes=[],produces=[],custom=[]}" onto public com.rhcheng.user.entity.User com.rhcheng.user.action.TestAction.returnJson()
2016-03-06 15:18:09 [INFO ][RequestMappingHandlerMapping] - Mapped "{[/test/testone.action],methods=[],params=[],headers=[],consumes=[],produces=[],custom=[]}" onto public org.springframework.web.servlet.ModelAndView com.rhcheng.user.action.TestAction.testone()
2016-03-06 15:18:09 [INFO ][RequestMappingHandlerMapping] - Mapped "{[/test/noLoginCommon],methods=[],params=[],headers=[],consumes=[],produces=[],custom=[]}" onto public java.lang.String com.rhcheng.user.action.TestAction.noLoginCommon()
2016-03-06 15:18:09 [INFO ][RequestMappingHandlerMapping] - Mapped "{[/test/getDate.action],methods=[],params=[],headers=[],consumes=[],produces=[],custom=[]}" onto public java.lang.String com.rhcheng.user.action.TestAction.getDateFromPage(com.rhcheng.user.entity.User)
2016-03-06 15:18:09 [INFO ][RequestMappingHandlerMapping] - Mapped "{[/test/paginationTest.action],methods=[],params=[],headers=[],consumes=[],produces=[],custom=[]}" onto public java.lang.String com.rhcheng.user.action.TestAction.PaginationTest(com.rhcheng.common.PageFormBean,org.springframework.ui.Model)
2016-03-06 15:18:09 [INFO ][RequestMappingHandlerMapping] - Mapped "{[/user/login],methods=[],params=[],headers=[],consumes=[],produces=[],custom=[]}" onto public org.springframework.web.servlet.ModelAndView com.rhcheng.user.action.UserAction.login()
2016-03-06 15:18:09 [INFO ][RequestMappingHandlerMapping] - Mapped "{[/user/testReturnString.action],methods=[],params=[],headers=[],consumes=[],produces=[],custom=[]}" onto public java.lang.String com.rhcheng.user.action.UserAction.testReturnString(com.rhcheng.user.formbean.UserFormBean,org.springframework.ui.Model)
2016-03-06 15:18:10 [INFO ][SimpleUrlHandlerMapping] - Mapped URL path [/**] onto handler 'org.springframework.web.servlet.resource.DefaultServletHttpRequestHandler#0'
2016-03-06 15:18:10 [INFO ][DispatcherServlet] - FrameworkServlet 'springServlet': initialization completed in 3300 ms
2016-03-06 15:18:11 [INFO ][XmlWebApplicationContext] - Closing WebApplicationContext for namespace 'springServlet-servlet': startup date [Sun Mar 06 15:18:07 CST 2016]; parent: Root WebApplicationContext
2016-03-06 15:18:11 [INFO ][XmlWebApplicationContext] - Closing Root WebApplicationContext: startup date [Sun Mar 06 15:18:00 CST 2016]; root of context hierarchy
2016-03-06 15:18:11 [INFO ][DefaultLifecycleProcessor] - Stopping beans in phase 2147483647
2016-03-06 15:18:11 [INFO ][QuartzScheduler] - Scheduler org.springframework.scheduling.quartz.SchedulerFactoryBean#0_$_NON_CLUSTERED paused.
2016-03-06 15:18:11 [INFO ][SchedulerFactoryBean] - Shutting down Quartz Scheduler
2016-03-06 15:18:11 [INFO ][QuartzScheduler] - Scheduler org.springframework.scheduling.quartz.SchedulerFactoryBean#0_$_NON_CLUSTERED shutting down.
2016-03-06 15:18:11 [INFO ][QuartzScheduler] - Scheduler org.springframework.scheduling.quartz.SchedulerFactoryBean#0_$_NON_CLUSTERED paused.
2016-03-06 15:18:11 [INFO ][QuartzScheduler] - Scheduler org.springframework.scheduling.quartz.SchedulerFactoryBean#0_$_NON_CLUSTERED shutdown complete.
2016-03-06 15:18:11 [INFO ][EhCacheManagerFactoryBean] - Shutting down EhCache CacheManager
2016-03-06 15:44:10 [INFO ][ContextLoader] - Root WebApplicationContext: initialization started
2016-03-06 15:44:10 [INFO ][XmlWebApplicationContext] - Refreshing Root WebApplicationContext: startup date [Sun Mar 06 15:44:10 CST 2016]; root of context hierarchy
2016-03-06 15:44:10 [INFO ][XmlBeanDefinitionReader] - Loading XML bean definitions from class path resource [configure/applicationContext.xml]
2016-03-06 15:44:11 [INFO ][XmlBeanDefinitionReader] - Loading XML bean definitions from class path resource [configure/spring-data-redis.xml]
2016-03-06 15:44:11 [INFO ][PropertyPlaceholderConfigurer] - Loading properties file from file [E:\myprograms\myeclipse10\myeclipse\works\privatenet\WebRoot\WEB-INF\classes\properties\jdbc.properties]
2016-03-06 15:44:11 [INFO ][PropertyPlaceholderConfigurer] - Loading properties file from file [E:\myprograms\myeclipse10\myeclipse\works\privatenet\WebRoot\WEB-INF\classes\properties\log4j.properties]
2016-03-06 15:44:11 [INFO ][PropertyPlaceholderConfigurer] - Loading properties file from file [E:\myprograms\myeclipse10\myeclipse\works\privatenet\WebRoot\WEB-INF\classes\properties\newsSources.properties]
2016-03-06 15:44:11 [INFO ][PropertyPlaceholderConfigurer] - Loading properties file from file [E:\myprograms\myeclipse10\myeclipse\works\privatenet\WebRoot\WEB-INF\classes\properties\spring-redis.properties]
2016-03-06 15:44:11 [INFO ][PropertyPlaceholderConfigurer] - Loading properties file from file [E:\myprograms\myeclipse10\myeclipse\works\privatenet\WebRoot\WEB-INF\classes\properties\sysProperties.properties]
2016-03-06 15:44:11 [INFO ][AutowiredAnnotationBeanPostProcessor] - JSR-330 'javax.inject.Inject' annotation found and supported for autowiring
2016-03-06 15:44:14 [INFO ][SchedulerFactoryBean] - Spring's Quartz 1.x support is deprecated - please upgrade to Quartz 2.0+
2016-03-06 15:44:14 [INFO ][EhCacheManagerFactoryBean] - Initializing EhCache CacheManager
2016-03-06 15:44:16 [INFO ][SchedulerSignalerImpl] - Initialized Scheduler Signaller of type: class org.quartz.core.SchedulerSignalerImpl
2016-03-06 15:44:16 [INFO ][QuartzScheduler] - Quartz Scheduler v.1.6.1 created.
2016-03-06 15:44:16 [INFO ][RAMJobStore] - RAMJobStore initialized.
2016-03-06 15:44:16 [INFO ][StdSchedulerFactory] - Quartz scheduler 'org.springframework.scheduling.quartz.SchedulerFactoryBean#0' initialized from an externally provided properties instance.
2016-03-06 15:44:16 [INFO ][StdSchedulerFactory] - Quartz scheduler version: 1.6.1
2016-03-06 15:44:16 [INFO ][QuartzScheduler] - JobFactory set to: org.springframework.scheduling.quartz.AdaptableJobFactory@2e15adc9
2016-03-06 15:44:16 [INFO ][DefaultLifecycleProcessor] - Starting beans in phase 2147483647
2016-03-06 15:44:16 [INFO ][SchedulerFactoryBean] - Starting Quartz Scheduler now
2016-03-06 15:44:16 [INFO ][QuartzScheduler] - Scheduler org.springframework.scheduling.quartz.SchedulerFactoryBean#0_$_NON_CLUSTERED started.
2016-03-06 15:44:16 [INFO ][ContextLoader] - Root WebApplicationContext: initialization completed in 6125 ms
2016-03-06 15:44:16 [INFO ][DispatcherServlet] - FrameworkServlet 'springServlet': initialization started
2016-03-06 15:44:16 [INFO ][XmlWebApplicationContext] - Refreshing WebApplicationContext for namespace 'springServlet-servlet': startup date [Sun Mar 06 15:44:16 CST 2016]; parent: Root WebApplicationContext
2016-03-06 15:44:16 [INFO ][XmlBeanDefinitionReader] - Loading XML bean definitions from class path resource [configure/springmvc-servlet.xml]
2016-03-06 15:44:17 [INFO ][AutowiredAnnotationBeanPostProcessor] - JSR-330 'javax.inject.Inject' annotation found and supported for autowiring
2016-03-06 15:44:18 [INFO ][RequestMappingHandlerMapping] - Mapped "{[/blogMainPage/blogmainpage],methods=[],params=[],headers=[],consumes=[],produces=[],custom=[]}" onto public java.lang.String com.rhcheng.blog.action.BlogMainPage.toMainPage()
2016-03-06 15:44:18 [INFO ][RequestMappingHandlerMapping] - Mapped "{[/capture/captureTaoBaoItem.json],methods=[],params=[],headers=[],consumes=[],produces=[],custom=[]}" onto public org.springframework.web.servlet.ModelAndView com.rhcheng.news.action.CaptureAction.captureTaoBaoItem()
2016-03-06 15:44:18 [INFO ][RequestMappingHandlerMapping] - Mapped "{[/news/getContent.json],methods=[],params=[],headers=[],consumes=[],produces=[],custom=[]}" onto public org.springframework.web.servlet.ModelAndView com.rhcheng.news.action.NewsAction.getContent(java.lang.String,java.lang.String,java.lang.String)
2016-03-06 15:44:18 [INFO ][RequestMappingHandlerMapping] - Mapped "{[/news/detail],methods=[],params=[],headers=[],consumes=[],produces=[],custom=[]}" onto public java.lang.String com.rhcheng.news.action.NewsAction.newsDetail(java.lang.String,java.lang.String,java.lang.String,org.springframework.ui.Model)
2016-03-06 15:44:18 [INFO ][RequestMappingHandlerMapping] - Mapped "{[/news/list],methods=[],params=[],headers=[],consumes=[],produces=[],custom=[]}" onto public java.lang.String com.rhcheng.news.action.NewsAction.newsList(com.rhcheng.common.PageFormBean,java.lang.String,org.springframework.ui.Model)
2016-03-06 15:44:18 [INFO ][RequestMappingHandlerMapping] - Mapped "{[/news/getMoreList],methods=[],params=[],headers=[],consumes=[],produces=[],custom=[]}" onto public java.lang.String com.rhcheng.news.action.NewsAction.getMoreList(com.rhcheng.common.PageFormBean,java.lang.String,org.springframework.ui.Model)
2016-03-06 15:44:18 [INFO ][RequestMappingHandlerMapping] - Mapped "{[/action/doAction.json],methods=[],params=[],headers=[],consumes=[],produces=[],custom=[]}" onto public org.springframework.web.servlet.ModelAndView com.rhcheng.taobaoassi.ActionStart.doAction()
2016-03-06 15:44:18 [INFO ][RequestMappingHandlerMapping] - Mapped "{[/twitter//index],methods=[],params=[],headers=[],consumes=[],produces=[],custom=[]}" onto public java.lang.String com.rhcheng.twitter.TwitterAction.index()
2016-03-06 15:44:18 [INFO ][RequestMappingHandlerMapping] - Mapped "{[/twitter//login],methods=[],params=[],headers=[],consumes=[],produces=[],custom=[]}" onto public java.lang.String com.rhcheng.twitter.TwitterAction.login()
2016-03-06 15:44:18 [INFO ][RequestMappingHandlerMapping] - Mapped "{[/twitter//loginout],methods=[],params=[],headers=[],consumes=[],produces=[],custom=[]}" onto public java.lang.String com.rhcheng.twitter.TwitterAction.loginout(com.rhcheng.twitter.entity.User,org.springframework.ui.Model)
2016-03-06 15:44:18 [INFO ][RequestMappingHandlerMapping] - Mapped "{[/twitter//dologin],methods=[],params=[],headers=[],consumes=[],produces=[],custom=[]}" onto public java.lang.String com.rhcheng.twitter.TwitterAction.doLogin(com.rhcheng.twitter.entity.User,org.springframework.ui.Model)
2016-03-06 15:44:18 [INFO ][RequestMappingHandlerMapping] - Mapped "{[/twitter//doAddUser],methods=[],params=[],headers=[],consumes=[],produces=[],custom=[]}" onto public int com.rhcheng.twitter.TwitterAction.doAddUser(org.springframework.ui.Model)
2016-03-06 15:44:18 [INFO ][RequestMappingHandlerMapping] - Mapped "{[/fileupload/create],methods=[POST],params=[],headers=[],consumes=[],produces=[],custom=[]}" onto public java.lang.String com.rhcheng.user.action.FileUpload.create(javax.servlet.http.HttpServletRequest,org.springframework.web.multipart.MultipartFile[],org.springframework.ui.Model)
2016-03-06 15:44:18 [INFO ][RequestMappingHandlerMapping] - Mapped "{[/fileupload/upload],methods=[GET],params=[],headers=[],consumes=[],produces=[],custom=[]}" onto public java.lang.String com.rhcheng.user.action.FileUpload.upload()
2016-03-06 15:44:18 [INFO ][RequestMappingHandlerMapping] - Mapped "{[/fileupload/creates],methods=[POST],params=[],headers=[],consumes=[],produces=[],custom=[]}" onto public java.lang.String com.rhcheng.user.action.FileUpload.creates(javax.servlet.http.HttpServletRequest,org.springframework.web.multipart.MultipartFile[],org.springframework.ui.Model)
2016-03-06 15:44:18 [INFO ][RequestMappingHandlerMapping] - Mapped "{[/fileupload/shows],methods=[],params=[],headers=[],consumes=[],produces=[],custom=[]}" onto public java.lang.String com.rhcheng.user.action.FileUpload.shows(javax.servlet.http.HttpServletRequest,org.springframework.ui.Model)
2016-03-06 15:44:18 [INFO ][RequestMappingHandlerMapping] - Mapped "{[/jqgrid/userlist],methods=[],params=[],headers=[],consumes=[],produces=[],custom=[]}" onto public com.rhcheng.baseJqgrid.ListResult com.rhcheng.user.action.JQgridListTestAction.list()
2016-03-06 15:44:18 [INFO ][RequestMappingHandlerMapping] - Mapped "{[/jqgrid/toMainPage],methods=[],params=[],headers=[],consumes=[],produces=[],custom=[]}" onto public java.lang.String com.rhcheng.user.action.JQgridListTestAction.toMainpage()
2016-03-06 15:44:18 [INFO ][RequestMappingHandlerMapping] - Mapped "{[/jqgrid/toUserPage],methods=[],params=[],headers=[],consumes=[],produces=[],custom=[]}" onto public java.lang.String com.rhcheng.user.action.JQgridListTestAction.toUserPage()
2016-03-06 15:44:18 [INFO ][RequestMappingHandlerMapping] - Mapped "{[/jqupdate/add],methods=[],params=[],headers=[],consumes=[],produces=[],custom=[]}" onto public com.rhcheng.baseJqgrid.ListResult com.rhcheng.user.action.JQgridUpdateTestAction.add(javax.servlet.http.HttpServletRequest)
2016-03-06 15:44:18 [INFO ][RequestMappingHandlerMapping] - Mapped "{[/jqupdate/delete],methods=[],params=[],headers=[],consumes=[],produces=[],custom=[]}" onto public com.rhcheng.baseJqgrid.ListResult com.rhcheng.user.action.JQgridUpdateTestAction.delete(javax.servlet.http.HttpServletRequest)
2016-03-06 15:44:18 [INFO ][RequestMappingHandlerMapping] - Mapped "{[/jqupdate/update],methods=[],params=[],headers=[],consumes=[],produces=[],custom=[]}" onto public com.rhcheng.baseJqgrid.ListResult com.rhcheng.user.action.JQgridUpdateTestAction.update(javax.servlet.http.HttpServletRequest)
2016-03-06 15:44:18 [INFO ][RequestMappingHandlerMapping] - Mapped "{[/jqupdate/operate],methods=[],params=[],headers=[],consumes=[],produces=[],custom=[]}" onto public java.lang.String com.rhcheng.baseJqgrid.QGridOperAction.operate(javax.servlet.http.HttpServletRequest)
2016-03-06 15:44:18 [INFO ][RequestMappingHandlerMapping] - Mapped "{[/test/paginationTest.action],methods=[],params=[],headers=[],consumes=[],produces=[],custom=[]}" onto public java.lang.String com.rhcheng.user.action.TestAction.PaginationTest(com.rhcheng.common.PageFormBean,org.springframework.ui.Model)
2016-03-06 15:44:18 [INFO ][RequestMappingHandlerMapping] - Mapped "{[/test/getDate.action],methods=[],params=[],headers=[],consumes=[],produces=[],custom=[]}" onto public java.lang.String com.rhcheng.user.action.TestAction.getDateFromPage(com.rhcheng.user.entity.User)
2016-03-06 15:44:18 [INFO ][RequestMappingHandlerMapping] - Mapped "{[/test/toFormPage],methods=[],params=[],headers=[],consumes=[],produces=[],custom=[]}" onto public java.lang.String com.rhcheng.user.action.TestAction.toFormPage()
2016-03-06 15:44:18 [INFO ][RequestMappingHandlerMapping] - Mapped "{[/test/testEhcache.action],methods=[],params=[],headers=[],consumes=[],produces=[],custom=[]}" onto public java.lang.String com.rhcheng.user.action.TestAction.testEhcache(java.lang.String) throws java.lang.InterruptedException
2016-03-06 15:44:18 [INFO ][RequestMappingHandlerMapping] - Mapped "{[/test/jsontest],methods=[],params=[],headers=[],consumes=[],produces=[],custom=[]}" onto public com.rhcheng.user.entity.User com.rhcheng.user.action.TestAction.returnJson()
2016-03-06 15:44:18 [INFO ][RequestMappingHandlerMapping] - Mapped "{[/test/noLoginCommon],methods=[],params=[],headers=[],consumes=[],produces=[],custom=[]}" onto public java.lang.String com.rhcheng.user.action.TestAction.noLoginCommon()
2016-03-06 15:44:18 [INFO ][RequestMappingHandlerMapping] - Mapped "{[/test/noLogin],methods=[],params=[],headers=[],consumes=[],produces=[],custom=[]}" onto public org.springframework.web.servlet.ModelAndView com.rhcheng.user.action.TestAction.noLogin(java.lang.String,java.lang.Long,org.springframework.ui.Model)
2016-03-06 15:44:18 [INFO ][RequestMappingHandlerMapping] - Mapped "{[/test/testone.action],methods=[],params=[],headers=[],consumes=[],produces=[],custom=[]}" onto public org.springframework.web.servlet.ModelAndView com.rhcheng.user.action.TestAction.testone()
2016-03-06 15:44:18 [INFO ][RequestMappingHandlerMapping] - Mapped "{[/test/testaop],methods=[],params=[],headers=[],consumes=[],produces=[],custom=[]}" onto public void com.rhcheng.user.action.TestAction.testAop()
2016-03-06 15:44:18 [INFO ][RequestMappingHandlerMapping] - Mapped "{[/user/testReturnString.action],methods=[],params=[],headers=[],consumes=[],produces=[],custom=[]}" onto public java.lang.String com.rhcheng.user.action.UserAction.testReturnString(com.rhcheng.user.formbean.UserFormBean,org.springframework.ui.Model)
2016-03-06 15:44:18 [INFO ][RequestMappingHandlerMapping] - Mapped "{[/user/login],methods=[],params=[],headers=[],consumes=[],produces=[],custom=[]}" onto public org.springframework.web.servlet.ModelAndView com.rhcheng.user.action.UserAction.login()
2016-03-06 15:44:19 [INFO ][SimpleUrlHandlerMapping] - Mapped URL path [/**] onto handler 'org.springframework.web.servlet.resource.DefaultServletHttpRequestHandler#0'
2016-03-06 15:44:19 [INFO ][DispatcherServlet] - FrameworkServlet 'springServlet': initialization completed in 2430 ms
2016-03-06 15:44:29 [INFO ][ParamsFilter] - 
==================请求=================
request_url=http://localhost/action/doAction.json
query_params=null
---------------post参数--------------

2016-03-06 15:44:30 [INFO ][OverWriteSpider] - Spider www.beibei.com started!
2016-03-06 15:44:30 [INFO ][OverWriteSpider] - Spider www.beibei.com started!
2016-03-06 15:44:30 [INFO ][OverWriteSpider] - Spider www.beibei.com started!
2016-03-06 15:44:30 [INFO ][HttpClientDownloader] - downloading page http://www.beibei.com/martshow/180797.html?sort=hot&cate=0&page=1
2016-03-06 15:44:30 [INFO ][HttpClientDownloader] - downloading page http://www.beibei.com/martshow/180797.html?sort=hot&cate=0&page=3
2016-03-06 15:44:30 [INFO ][HttpClientDownloader] - downloading page http://www.beibei.com/martshow/180797.html?sort=hot&cate=0&page=2
2016-03-06 15:44:31 [INFO ][HttpClientDownloader] - downloading page http://www.beibei.com/detail/180797-1175529.html#sid=1009
2016-03-06 15:44:31 [INFO ][HttpClientDownloader] - downloading page http://www.beibei.com/detail/180797-1145417.html#sid=18
2016-03-06 15:44:31 [INFO ][HttpClientDownloader] - downloading page http://www.beibei.com/detail/180797-1158072.html#sid=15
2016-03-06 15:44:31 [INFO ][HttpClientDownloader] - downloading page http://www.beibei.com/detail/180797-1175427.html#sid=16
2016-03-06 15:44:31 [INFO ][HttpClientDownloader] - downloading page http://www.beibei.com/detail/180797-1189816.html#sid=468
2016-03-06 15:44:31 [INFO ][HttpClientDownloader] - downloading page http://www.beibei.com/detail/180797-1158063.html#sid=20
2016-03-06 15:44:32 [INFO ][HttpClientDownloader] - downloading page http://www.beibei.com/detail/180797-1162651.html#sid=869
2016-03-06 15:44:32 [INFO ][HttpClientDownloader] - downloading page http://www.beibei.com/detail/180797-1157933.html#sid=462
2016-03-06 15:44:32 [INFO ][HttpClientDownloader] - downloading page http://www.beibei.com/detail/180797-1175384.html#sid=16
2016-03-06 15:44:32 [INFO ][HttpClientDownloader] - downloading page http://www.beibei.com/detail/180797-1156328.html#sid=16
2016-03-06 15:44:32 [INFO ][HttpClientDownloader] - downloading page http://www.beibei.com/detail/180797-1157921.html#sid=16
2016-03-06 15:44:32 [INFO ][HttpClientDownloader] - downloading page http://www.beibei.com/detail/180797-1175321.html#sid=16
2016-03-06 15:44:32 [INFO ][HttpClientDownloader] - downloading page http://www.beibei.com/detail/180797-1156375.html#sid=16
2016-03-06 15:44:32 [INFO ][HttpClientDownloader] - downloading page http://www.beibei.com/detail/180797-1175278.html#sid=16
2016-03-06 15:44:32 [INFO ][HttpClientDownloader] - downloading page http://www.beibei.com/detail/180797-1157905.html#sid=23
2016-03-06 15:44:32 [INFO ][HttpClientDownloader] - downloading page http://www.beibei.com/detail/180797-1135774.html#sid=15
2016-03-06 15:44:32 [INFO ][HttpClientDownloader] - downloading page http://www.beibei.com/detail/180797-1175231.html#sid=468
2016-03-06 15:44:32 [INFO ][HttpClientDownloader] - downloading page http://www.beibei.com/detail/180797-1144679.html#sid=863
2016-03-06 15:44:32 [INFO ][HttpClientDownloader] - downloading page http://www.beibei.com/detail/180797-1157894.html#sid=16
2016-03-06 15:44:32 [INFO ][HttpClientDownloader] - downloading page http://www.beibei.com/detail/180797-1175054.html#sid=1035
2016-03-06 15:44:32 [INFO ][HttpClientDownloader] - downloading page http://www.beibei.com/detail/180797-1157886.html#sid=1056
2016-03-06 15:44:32 [INFO ][HttpClientDownloader] - downloading page http://www.beibei.com/detail/180797-1145432.html#sid=15
2016-03-06 15:44:32 [INFO ][HttpClientDownloader] - downloading page http://www.beibei.com/detail/180797-1175010.html#sid=20
2016-03-06 15:44:32 [INFO ][HttpClientDownloader] - downloading page http://www.beibei.com/detail/180797-1157853.html#sid=15
2016-03-06 15:44:32 [INFO ][HttpClientDownloader] - downloading page http://www.beibei.com/detail/180797-1081190.html#sid=15
2016-03-06 15:44:33 [INFO ][HttpClientDownloader] - downloading page http://www.beibei.com/detail/180797-1174972.html#sid=20
2016-03-06 15:44:33 [INFO ][HttpClientDownloader] - downloading page http://www.beibei.com/detail/180797-1157837.html#sid=18
2016-03-06 15:44:33 [INFO ][HttpClientDownloader] - downloading page http://www.beibei.com/detail/180797-1170509.html#sid=1055
2016-03-06 15:44:33 [INFO ][HttpClientDownloader] - downloading page http://www.beibei.com/detail/180797-1157727.html#sid=20
2016-03-06 15:44:33 [INFO ][HttpClientDownloader] - downloading page http://www.beibei.com/detail/180797-1183181.html#sid=16
2016-03-06 15:44:33 [INFO ][HttpClientDownloader] - downloading page http://www.beibei.com/detail/180797-1164357.html#sid=15
2016-03-06 15:44:33 [INFO ][HttpClientDownloader] - downloading page http://www.beibei.com/detail/180797-1157724.html#sid=19
2016-03-06 15:44:33 [INFO ][HttpClientDownloader] - downloading page http://www.beibei.com/detail/180797-1081182.html#sid=15
2016-03-06 15:44:33 [INFO ][HttpClientDownloader] - downloading page http://www.beibei.com/detail/180797-1157713.html#sid=19
2016-03-06 15:44:33 [INFO ][HttpClientDownloader] - downloading page http://www.beibei.com/detail/180797-1157706.html#sid=20
2016-03-06 15:44:33 [INFO ][HttpClientDownloader] - downloading page http://www.beibei.com/detail/180797-1064925.html#sid=1055
2016-03-06 15:44:34 [INFO ][HttpClientDownloader] - downloading page http://www.beibei.com/detail/180797-1157688.html#sid=20
2016-03-06 15:44:34 [INFO ][HttpClientDownloader] - downloading page http://www.beibei.com/detail/180797-1137870.html#sid=468
2016-03-06 15:44:34 [INFO ][HttpClientDownloader] - downloading page http://www.beibei.com/detail/180797-1157672.html#sid=245
2016-03-06 15:44:34 [INFO ][HttpClientDownloader] - downloading page http://www.beibei.com/detail/180797-1135692.html#sid=462
2016-03-06 15:44:34 [INFO ][HttpClientDownloader] - downloading page http://www.beibei.com/detail/180797-1157626.html#sid=18
2016-03-06 15:44:34 [INFO ][HttpClientDownloader] - downloading page http://www.beibei.com/detail/180797-1135699.html#sid=462
2016-03-06 15:44:34 [INFO ][HttpClientDownloader] - downloading page http://www.beibei.com/detail/180797-1170526.html#sid=466
2016-03-06 15:44:34 [INFO ][HttpClientDownloader] - downloading page http://www.beibei.com/detail/180797-1137933.html#sid=15
2016-03-06 15:44:34 [INFO ][HttpClientDownloader] - downloading page http://www.beibei.com/detail/180797-1157586.html#sid=18
2016-03-06 15:44:34 [INFO ][HttpClientDownloader] - downloading page http://www.beibei.com/detail/180797-1157576.html#sid=18
2016-03-06 15:44:34 [INFO ][HttpClientDownloader] - downloading page http://www.beibei.com/detail/180797-1143684.html#sid=869
2016-03-06 15:44:34 [INFO ][HttpClientDownloader] - downloading page http://www.beibei.com/detail/180797-1157475.html#sid=1056
2016-03-06 15:44:34 [INFO ][HttpClientDownloader] - downloading page http://www.beibei.com/detail/180797-1157512.html#sid=20
2016-03-06 15:44:35 [INFO ][HttpClientDownloader] - downloading page http://www.beibei.com/detail/180797-1157317.html#sid=20
2016-03-06 15:44:35 [INFO ][HttpClientDownloader] - downloading page http://www.beibei.com/detail/180797-1186929.html#sid=15
2016-03-06 15:44:35 [INFO ][HttpClientDownloader] - downloading page http://www.beibei.com/detail/180797-1184946.html#sid=462
2016-03-06 15:44:35 [INFO ][HttpClientDownloader] - downloading page http://www.beibei.com/detail/180797-1044499.html#sid=819
2016-03-06 15:44:35 [INFO ][HttpClientDownloader] - downloading page http://www.beibei.com/detail/180797-1157554.html#sid=23
2016-03-06 15:44:35 [INFO ][HttpClientDownloader] - downloading page http://www.beibei.com/detail/180797-1135676.html#sid=462
2016-03-06 15:44:35 [INFO ][HttpClientDownloader] - downloading page http://www.beibei.com/detail/180797-1078421.html#sid=440
2016-03-06 15:44:35 [INFO ][HttpClientDownloader] - downloading page http://www.beibei.com/detail/180797-1157548.html#sid=18
2016-03-06 15:44:35 [INFO ][HttpClientDownloader] - downloading page http://www.beibei.com/detail/180797-1078419.html#sid=23
2016-03-06 15:44:35 [INFO ][HttpClientDownloader] - downloading page http://www.beibei.com/detail/180797-1135708.html#sid=462
2016-03-06 15:44:35 [INFO ][HttpClientDownloader] - downloading page http://www.beibei.com/detail/180797-1016083.html#sid=16
2016-03-06 15:44:35 [INFO ][HttpClientDownloader] - downloading page http://www.beibei.com/detail/180797-1181614.html#sid=462
2016-03-06 15:44:35 [INFO ][HttpClientDownloader] - downloading page http://www.beibei.com/detail/180797-1157642.html#sid=20
2016-03-06 15:44:36 [INFO ][HttpClientDownloader] - downloading page http://www.beibei.com/detail/180797-1016061.html#sid=16
2016-03-06 15:44:36 [INFO ][HttpClientDownloader] - downloading page http://www.beibei.com/detail/180797-1157846.html#sid=462
2016-03-06 15:44:36 [INFO ][HttpClientDownloader] - downloading page http://www.beibei.com/detail/180797-1163093.html#sid=15
2016-03-06 15:44:36 [INFO ][HttpClientDownloader] - downloading page http://www.beibei.com/detail/180797-1157877.html#sid=1053
2016-03-06 15:44:36 [INFO ][HttpClientDownloader] - downloading page http://www.beibei.com/detail/180797-1157868.html#sid=462
2016-03-06 15:44:36 [INFO ][HttpClientDownloader] - downloading page http://www.beibei.com/detail/180797-1163066.html#sid=16
2016-03-06 15:44:36 [INFO ][HttpClientDownloader] - downloading page http://www.beibei.com/detail/180797-1174318.html#sid=16
2016-03-06 15:44:36 [INFO ][HttpClientDownloader] - downloading page http://www.beibei.com/detail/180797-1163049.html#sid=20
2016-03-06 15:44:36 [INFO ][HttpClientDownloader] - downloading page http://www.beibei.com/detail/180797-1173860.html#sid=462
2016-03-06 15:44:36 [INFO ][HttpClientDownloader] - downloading page http://www.beibei.com/detail/180797-1173770.html#sid=462
2016-03-06 15:44:36 [INFO ][HttpClientDownloader] - downloading page http://www.beibei.com/detail/180797-1163025.html#sid=16
2016-03-06 15:44:36 [INFO ][HttpClientDownloader] - downloading page http://www.beibei.com/detail/180797-1175111.html#sid=20
2016-03-06 15:44:36 [INFO ][HttpClientDownloader] - downloading page http://www.beibei.com/detail/180797-1162793.html#sid=18
2016-03-06 15:44:37 [INFO ][HttpClientDownloader] - downloading page http://www.beibei.com/detail/180797-1175145.html#sid=20
2016-03-06 15:44:37 [INFO ][HttpClientDownloader] - downloading page http://www.beibei.com/detail/180797-1162786.html#sid=18
2016-03-06 15:44:37 [INFO ][XmlWebApplicationContext] - Closing WebApplicationContext for namespace 'springServlet-servlet': startup date [Sun Mar 06 15:44:16 CST 2016]; parent: Root WebApplicationContext
2016-03-06 15:44:37 [INFO ][XmlWebApplicationContext] - Closing Root WebApplicationContext: startup date [Sun Mar 06 15:44:10 CST 2016]; root of context hierarchy
2016-03-06 15:44:37 [INFO ][DefaultLifecycleProcessor] - Stopping beans in phase 2147483647
2016-03-06 15:44:37 [INFO ][QuartzScheduler] - Scheduler org.springframework.scheduling.quartz.SchedulerFactoryBean#0_$_NON_CLUSTERED paused.
2016-03-06 15:44:37 [INFO ][SchedulerFactoryBean] - Shutting down Quartz Scheduler
2016-03-06 15:44:37 [INFO ][QuartzScheduler] - Scheduler org.springframework.scheduling.quartz.SchedulerFactoryBean#0_$_NON_CLUSTERED shutting down.
2016-03-06 15:44:37 [INFO ][QuartzScheduler] - Scheduler org.springframework.scheduling.quartz.SchedulerFactoryBean#0_$_NON_CLUSTERED paused.
2016-03-06 15:44:37 [INFO ][QuartzScheduler] - Scheduler org.springframework.scheduling.quartz.SchedulerFactoryBean#0_$_NON_CLUSTERED shutdown complete.
2016-03-06 15:44:37 [INFO ][EhCacheManagerFactoryBean] - Shutting down EhCache CacheManager
